<?xml version="1.0" encoding="ISO-8859-1"?>
<!-- generated by ThinG, the Thinlet GUI editor -->
<panel background="#ffffff" columns="1" width="400">
    <textarea border="false" font="Arial 14 bold" height="20" name="titulo" text="Titulo"/>
    <separator/>
    <textarea border="false" end="32" name="parrafo" start="32" text="Este es el contenido del parrafo" wrap="true"/>
</panel>
